[2023-08-06 10:31:53,265] 10 root - INFO - Training Pipeline Initiated.
[2023-08-06 10:31:53,265] 77 root - INFO - Data Ingestion Method Starts
[2023-08-06 10:31:53,289] 81 root - INFO - Dataset read as pandas DataFrame
[2023-08-06 10:31:53,370] 86 root - INFO - Train Test Split
[2023-08-06 10:31:53,443] 93 root - INFO - Ingestion of Data is completed
[2023-08-06 10:31:53,443] 52 root - INFO - Initiate Data Transformation.
[2023-08-06 10:31:53,515] 56 root - INFO - Read train-test data.
[2023-08-06 10:31:53,515] 59 root - INFO - Iniate Data Tranformation Pipeline.
[2023-08-06 10:31:53,515] 39 root - INFO - Data Transformation Pipeline Completed.
[2023-08-06 10:31:53,515] 61 root - INFO - Data Transformation Object fetched successfully.
[2023-08-06 10:31:53,518] 73 root - INFO - Dependent and Independent features extracted successfully.
[2023-08-06 10:31:53,569] 81 root - INFO - Data Transformation Complete.
[2023-08-06 10:31:53,569] 10 root - INFO - Object saving started.
[2023-08-06 10:31:53,570] 18 root - INFO - Object saving completed.
[2023-08-06 10:31:53,570] 88 root - INFO - Preproceesor Pickle File created successfully.
[2023-08-06 10:31:53,570] 25 root - INFO - Model Training Initiated.
[2023-08-06 10:31:53,570] 27 root - INFO - Model Evaluation Initiated.
[2023-08-06 10:31:53,830] 45 root - INFO - Model Report :{'GaussianNaiveBayes': 1.0, 'RandomForestClassifier': 1.0, 'LogisticRegression': 1.0, 'DecisionTreeClassifier': 0.9824561403508771}
[2023-08-06 10:31:53,830] 57 root - INFO - Best Model Found, Model Name:GaussianNaiveBayes, Acuracy Score: 1.0
[2023-08-06 10:31:53,830] 10 root - INFO - Object saving started.
[2023-08-06 10:31:53,831] 18 root - INFO - Object saving completed.
[2023-08-06 10:31:53,831] 63 root - INFO - Pickle File of Model created Successfully.
