[2023-08-06 09:49:40,668] 10 root - INFO - Training Pipeline Initiated.
[2023-08-06 09:49:40,668] 77 root - INFO - Data Ingestion Method Starts
[2023-08-06 09:49:40,703] 81 root - INFO - Dataset read as pandas DataFrame
[2023-08-06 09:49:40,797] 86 root - INFO - Train Test Split
[2023-08-06 09:49:40,930] 93 root - INFO - Ingestion of Data is completed
[2023-08-06 09:49:41,068] 53 root - INFO - Read train-test data.
[2023-08-06 09:49:41,068] 55 root - INFO - Obtain Data Transformation Object
[2023-08-06 09:49:41,069] 29 root - INFO - Iniated Data Tranformation.
[2023-08-06 09:49:41,069] 10 root - INFO - Object saving started.
[2023-08-06 09:49:41,069] 18 root - INFO - Object saving completed.
[2023-08-06 09:49:41,111] 38 root - INFO - Data Transformation Completed.
[2023-08-06 09:49:41,115] 68 root - INFO - Dependent and Independent features extracted successfully.
[2023-08-06 09:49:41,219] 76 root - INFO - Data Transformation Complete.
[2023-08-06 09:49:41,219] 10 root - INFO - Object saving started.
[2023-08-06 09:49:41,220] 18 root - INFO - Object saving completed.
[2023-08-06 09:49:41,220] 83 root - INFO - Pickle File created successfully.
[2023-08-06 09:49:41,221] 25 root - INFO - Model Training Initiated.
[2023-08-06 09:49:41,221] 27 root - INFO - Model Evaluation Initiated.
[2023-08-06 09:49:41,221] 58 root - INFO - Error in Evaluation of model.
[2023-08-06 09:49:41,221] 45 root - INFO - Error in Model Training.
