[2023-08-06 10:34:09,634] 10 root - INFO - Training Pipeline Initiated.
[2023-08-06 10:34:09,634] 77 root - INFO - Data Ingestion Method Starts
[2023-08-06 10:34:09,658] 81 root - INFO - Dataset read as pandas DataFrame
[2023-08-06 10:34:09,770] 86 root - INFO - Train Test Split
[2023-08-06 10:34:09,846] 93 root - INFO - Ingestion of Data is completed
[2023-08-06 10:34:09,846] 52 root - INFO - Initiate Data Transformation.
[2023-08-06 10:34:09,906] 56 root - INFO - Read train-test data.
[2023-08-06 10:34:09,906] 59 root - INFO - Iniate Data Tranformation Pipeline.
[2023-08-06 10:34:09,906] 39 root - INFO - Data Transformation Pipeline Completed.
[2023-08-06 10:34:09,906] 61 root - INFO - Data Transformation Object fetched successfully.
[2023-08-06 10:34:09,908] 73 root - INFO - Dependent and Independent features extracted successfully.
[2023-08-06 10:34:09,963] 81 root - INFO - Data Transformation Complete.
[2023-08-06 10:34:09,963] 10 root - INFO - Object saving started.
[2023-08-06 10:34:09,964] 18 root - INFO - Object saving completed.
[2023-08-06 10:34:09,964] 88 root - INFO - Preproceesor Pickle File created successfully.
[2023-08-06 10:34:09,964] 25 root - INFO - Model Training Initiated.
[2023-08-06 10:34:09,964] 27 root - INFO - Model Evaluation Initiated.
[2023-08-06 10:34:10,226] 45 root - INFO - Model Report :{'GaussianNaiveBayes': 1.0, 'RandomForestClassifier': 1.0, 'LogisticRegression': 1.0, 'DecisionTreeClassifier': 1.0}
[2023-08-06 10:34:10,227] 57 root - INFO - Best Model Found, Model Name:GaussianNaiveBayes, Acuracy Score: 1.0
[2023-08-06 10:34:10,227] 10 root - INFO - Object saving started.
[2023-08-06 10:34:10,227] 18 root - INFO - Object saving completed.
[2023-08-06 10:34:10,227] 63 root - INFO - Pickle File of Model created Successfully.
