[2023-08-06 10:24:07,563] 10 root - INFO - Training Pipeline Initiated.
[2023-08-06 10:24:07,563] 77 root - INFO - Data Ingestion Method Starts
[2023-08-06 10:24:07,587] 81 root - INFO - Dataset read as pandas DataFrame
[2023-08-06 10:24:07,661] 86 root - INFO - Train Test Split
[2023-08-06 10:24:07,734] 93 root - INFO - Ingestion of Data is completed
[2023-08-06 10:24:07,734] 52 root - INFO - Initiate Data Transformation.
[2023-08-06 10:24:07,806] 56 root - INFO - Read train-test data.
[2023-08-06 10:24:07,806] 59 root - INFO - Iniate Data Tranformation Pipeline.
[2023-08-06 10:24:07,806] 39 root - INFO - Data Transformation Pipeline Completed.
[2023-08-06 10:24:07,806] 61 root - INFO - Data Transformation Object fetched successfully.
[2023-08-06 10:24:07,809] 73 root - INFO - Dependent and Independent features extracted successfully.
[2023-08-06 10:24:07,854] 81 root - INFO - Data Transformation Complete.
[2023-08-06 10:24:07,854] 10 root - INFO - Object saving started.
[2023-08-06 10:24:07,855] 18 root - INFO - Object saving completed.
[2023-08-06 10:24:07,855] 88 root - INFO - Preproceesor Pickle File created successfully.
[2023-08-06 10:24:07,855] 25 root - INFO - Model Training Initiated.
[2023-08-06 10:24:07,855] 27 root - INFO - Model Evaluation Initiated.
[2023-08-06 10:24:08,098] 49 root - INFO - Model Evaluation Completed.
[2023-08-06 10:24:08,098] 38 root - INFO - Best Model: 
[2023-08-06 10:24:08,098] 39 root - INFO - GaussianNaiveBayes
[2023-08-06 10:24:08,098] 10 root - INFO - Object saving started.
[2023-08-06 10:24:08,098] 18 root - INFO - Object saving completed.
[2023-08-06 10:24:08,098] 44 root - INFO - Pickle File of Model created Successfully.
