[2023-08-06 10:05:30,694] 10 root - INFO - Training Pipeline Initiated.
[2023-08-06 10:05:30,694] 77 root - INFO - Data Ingestion Method Starts
[2023-08-06 10:05:30,727] 81 root - INFO - Dataset read as pandas DataFrame
[2023-08-06 10:05:30,835] 86 root - INFO - Train Test Split
[2023-08-06 10:05:30,946] 93 root - INFO - Ingestion of Data is completed
[2023-08-06 10:05:30,947] 52 root - INFO - Initiate Data Transformation.
[2023-08-06 10:05:31,097] 56 root - INFO - Read train-test data.
[2023-08-06 10:05:31,097] 59 root - INFO - Iniate Data Tranformation Pipeline.
[2023-08-06 10:05:31,097] 39 root - INFO - Data Transformation Pipeline Completed.
[2023-08-06 10:05:31,097] 61 root - INFO - Data Transformation Object fetched successfully.
[2023-08-06 10:05:31,102] 73 root - INFO - Dependent and Independent features extracted successfully.
[2023-08-06 10:05:31,193] 81 root - INFO - Data Transformation Complete.
[2023-08-06 10:05:31,193] 10 root - INFO - Object saving started.
[2023-08-06 10:05:31,194] 18 root - INFO - Object saving completed.
[2023-08-06 10:05:31,194] 88 root - INFO - Preproceesor Pickle File created successfully.
[2023-08-06 10:05:31,194] 25 root - INFO - Model Training Initiated.
[2023-08-06 10:05:31,194] 27 root - INFO - Model Evaluation Initiated.
[2023-08-06 10:05:31,778] 48 root - INFO - Model Evaluation Completed.
[2023-08-06 10:05:31,778] 10 root - INFO - Object saving started.
[2023-08-06 10:05:31,779] 18 root - INFO - Object saving completed.
[2023-08-06 10:05:31,779] 42 root - INFO - Pickle File of Model created Successfully.
