[2023-08-06 09:51:52,029] 10 root - INFO - Training Pipeline Initiated.
[2023-08-06 09:51:52,029] 77 root - INFO - Data Ingestion Method Starts
[2023-08-06 09:51:52,064] 81 root - INFO - Dataset read as pandas DataFrame
[2023-08-06 09:51:52,195] 86 root - INFO - Train Test Split
[2023-08-06 09:51:52,307] 93 root - INFO - Ingestion of Data is completed
[2023-08-06 09:51:52,474] 53 root - INFO - Read train-test data.
[2023-08-06 09:51:52,475] 55 root - INFO - Obtain Data Transformation Object
[2023-08-06 09:51:52,475] 29 root - INFO - Iniated Data Tranformation.
[2023-08-06 09:51:52,475] 10 root - INFO - Object saving started.
[2023-08-06 09:51:52,476] 18 root - INFO - Object saving completed.
[2023-08-06 09:51:52,479] 38 root - INFO - Data Transformation Completed.
[2023-08-06 09:51:52,484] 68 root - INFO - Dependent and Independent features extracted successfully.
[2023-08-06 09:51:52,592] 76 root - INFO - Data Transformation Complete.
[2023-08-06 09:51:52,592] 10 root - INFO - Object saving started.
[2023-08-06 09:51:52,594] 18 root - INFO - Object saving completed.
[2023-08-06 09:51:52,594] 83 root - INFO - Pickle File created successfully.
[2023-08-06 09:51:52,595] 25 root - INFO - Model Training Initiated.
[2023-08-06 09:51:52,595] 27 root - INFO - Model Evaluation Initiated.
[2023-08-06 09:51:52,698] 58 root - INFO - Error in Evaluation of model.
[2023-08-06 09:51:52,699] 45 root - INFO - Error in Model Training.
